android/app/build/intermediates/manifest_merge_blame_file/debug/manifest-merger-blame-debug-report.txt
1<?xml version="1.0" encoding="utf-8"?>
2<manifest xmlns:android="http://schemas.android.com/apk/res/android"
3    package="com.navigate"
4    android:versionCode="1"
5    android:versionName="1.0" >
6
7    <uses-sdk
8        android:minSdkVersion="16"
9        android:targetSdkVersion="29" />
10
11    <uses-permission android:name="android.permission.SYSTEM_ALERT_WINDOW" />
11-->src/debug/AndroidManifest.xml:5:5-77
11-->src/debug/AndroidManifest.xml:5:22-75
12    <uses-permission android:name="android.permission.INTERNET" />
12-->src/main/AndroidManifest.xml:4:5-67
12-->src/main/AndroidManifest.xml:4:22-64
13    <uses-permission android:name="android.permission.ACCESS_WIFI_STATE" />
13-->[com.facebook.flipper:flipper:0.37.0] AndroidManifest.xml:16:5-76
13-->[com.facebook.flipper:flipper:0.37.0] AndroidManifest.xml:16:22-73
14    <uses-permission android:name="android.permission.WAKE_LOCK" />
14-->[:react-native-firebase] AndroidManifest.xml:12:5-68
14-->[:react-native-firebase] AndroidManifest.xml:12:22-65
15    <uses-permission android:name="android.permission.ACCESS_NETWORK_STATE" /> <!-- Required by older versions of Google Play services to create IID tokens -->
15-->[:react-native-firebase] AndroidManifest.xml:13:5-79
15-->[:react-native-firebase] AndroidManifest.xml:13:22-76
16    <uses-permission android:name="com.google.android.c2dm.permission.RECEIVE" /> <!-- for android -->
16-->[com.google.firebase:firebase-iid:18.0.0] AndroidManifest.xml:26:5-82
16-->[com.google.firebase:firebase-iid:18.0.0] AndroidManifest.xml:26:22-79
17    <!-- <uses-permission android:name="com.android.launcher.permission.READ_SETTINGS"/> -->
18    <!-- <uses-permission android:name="com.android.launcher.permission.WRITE_SETTINGS"/> -->
19    <!-- <uses-permission android:name="com.android.launcher.permission.INSTALL_SHORTCUT" /> -->
20    <!-- <uses-permission android:name="com.android.launcher.permission.UNINSTALL_SHORTCUT" /> -->
21    <!-- for Samsung -->
22    <uses-permission android:name="com.sec.android.provider.badge.permission.READ" />
22-->[me.leolin:ShortcutBadger:1.1.21] AndroidManifest.xml:19:5-86
22-->[me.leolin:ShortcutBadger:1.1.21] AndroidManifest.xml:19:22-83
23    <uses-permission android:name="com.sec.android.provider.badge.permission.WRITE" /> <!-- for htc -->
23-->[me.leolin:ShortcutBadger:1.1.21] AndroidManifest.xml:20:5-87
23-->[me.leolin:ShortcutBadger:1.1.21] AndroidManifest.xml:20:22-84
24    <uses-permission android:name="com.htc.launcher.permission.READ_SETTINGS" />
24-->[me.leolin:ShortcutBadger:1.1.21] AndroidManifest.xml:23:5-81
24-->[me.leolin:ShortcutBadger:1.1.21] AndroidManifest.xml:23:22-78
25    <uses-permission android:name="com.htc.launcher.permission.UPDATE_SHORTCUT" /> <!-- for sony -->
25-->[me.leolin:ShortcutBadger:1.1.21] AndroidManifest.xml:24:5-83
25-->[me.leolin:ShortcutBadger:1.1.21] AndroidManifest.xml:24:22-80
26    <uses-permission android:name="com.sonyericsson.home.permission.BROADCAST_BADGE" />
26-->[me.leolin:ShortcutBadger:1.1.21] AndroidManifest.xml:27:5-88
26-->[me.leolin:ShortcutBadger:1.1.21] AndroidManifest.xml:27:22-85
27    <uses-permission android:name="com.sonymobile.home.permission.PROVIDER_INSERT_BADGE" /> <!-- for apex -->
27-->[me.leolin:ShortcutBadger:1.1.21] AndroidManifest.xml:28:5-92
27-->[me.leolin:ShortcutBadger:1.1.21] AndroidManifest.xml:28:22-89
28    <uses-permission android:name="com.anddoes.launcher.permission.UPDATE_COUNT" /> <!-- for solid -->
28-->[me.leolin:ShortcutBadger:1.1.21] AndroidManifest.xml:31:5-84
28-->[me.leolin:ShortcutBadger:1.1.21] AndroidManifest.xml:31:22-81
29    <uses-permission android:name="com.majeur.launcher.permission.UPDATE_BADGE" /> <!-- for huawei -->
29-->[me.leolin:ShortcutBadger:1.1.21] AndroidManifest.xml:34:5-83
29-->[me.leolin:ShortcutBadger:1.1.21] AndroidManifest.xml:34:22-80
30    <uses-permission android:name="com.huawei.android.launcher.permission.CHANGE_BADGE" />
30-->[me.leolin:ShortcutBadger:1.1.21] AndroidManifest.xml:37:5-91
30-->[me.leolin:ShortcutBadger:1.1.21] AndroidManifest.xml:37:22-88
31    <uses-permission android:name="com.huawei.android.launcher.permission.READ_SETTINGS" />
31-->[me.leolin:ShortcutBadger:1.1.21] AndroidManifest.xml:38:5-92
31-->[me.leolin:ShortcutBadger:1.1.21] AndroidManifest.xml:38:22-89
32    <uses-permission android:name="com.huawei.android.launcher.permission.WRITE_SETTINGS" /> <!-- for ZUK -->
32-->[me.leolin:ShortcutBadger:1.1.21] AndroidManifest.xml:39:5-93
32-->[me.leolin:ShortcutBadger:1.1.21] AndroidManifest.xml:39:22-90
33    <uses-permission android:name="android.permission.READ_APP_BADGE" /> <!-- for OPPO -->
33-->[me.leolin:ShortcutBadger:1.1.21] AndroidManifest.xml:42:5-73
33-->[me.leolin:ShortcutBadger:1.1.21] AndroidManifest.xml:42:22-70
34    <uses-permission android:name="com.oppo.launcher.permission.READ_SETTINGS" />
34-->[me.leolin:ShortcutBadger:1.1.21] AndroidManifest.xml:45:5-82
34-->[me.leolin:ShortcutBadger:1.1.21] AndroidManifest.xml:45:22-79
35    <uses-permission android:name="com.oppo.launcher.permission.WRITE_SETTINGS" /> <!-- for EvMe -->
35-->[me.leolin:ShortcutBadger:1.1.21] AndroidManifest.xml:46:5-83
35-->[me.leolin:ShortcutBadger:1.1.21] AndroidManifest.xml:46:22-80
36    <uses-permission android:name="me.everything.badger.permission.BADGE_COUNT_READ" />
36-->[me.leolin:ShortcutBadger:1.1.21] AndroidManifest.xml:49:5-88
36-->[me.leolin:ShortcutBadger:1.1.21] AndroidManifest.xml:49:22-85
37    <uses-permission android:name="me.everything.badger.permission.BADGE_COUNT_WRITE" />
37-->[me.leolin:ShortcutBadger:1.1.21] AndroidManifest.xml:50:5-89
37-->[me.leolin:ShortcutBadger:1.1.21] AndroidManifest.xml:50:22-86
38    <uses-permission android:name="com.google.android.finsky.permission.BIND_GET_INSTALL_REFERRER_SERVICE" />
38-->[com.google.android.gms:play-services-measurement:16.5.0] AndroidManifest.xml:26:5-110
38-->[com.google.android.gms:play-services-measurement:16.5.0] AndroidManifest.xml:26:22-107
39
40    <application
40-->src/main/AndroidManifest.xml:6:5-25:19
41        android:name="com.navigate.MainApplication"
41-->src/main/AndroidManifest.xml:7:7-38
42        android:allowBackup="false"
42-->src/main/AndroidManifest.xml:11:7-34
43        android:appComponentFactory="androidx.core.app.CoreComponentFactory"
43-->[androidx.core:core:1.1.0] AndroidManifest.xml:24:18-86
44        android:debuggable="true"
45        android:icon="@mipmap/ic_launcher"
45-->src/main/AndroidManifest.xml:9:7-41
46        android:label="@string/app_name"
46-->src/main/AndroidManifest.xml:8:7-39
47        android:roundIcon="@mipmap/ic_launcher_round"
47-->src/main/AndroidManifest.xml:10:7-52
48        android:theme="@style/AppTheme"
48-->src/main/AndroidManifest.xml:12:7-38
49        android:usesCleartextTraffic="true" >
49-->src/debug/AndroidManifest.xml:7:18-53
50        <activity
50-->src/main/AndroidManifest.xml:13:7-23:18
51            android:name="com.navigate.MainActivity"
51-->src/main/AndroidManifest.xml:14:9-37
52            android:configChanges="keyboard|keyboardHidden|orientation|screenSize|uiMode"
52-->src/main/AndroidManifest.xml:16:9-86
53            android:label="@string/app_name"
53-->src/main/AndroidManifest.xml:15:9-41
54            android:launchMode="singleTask"
54-->src/main/AndroidManifest.xml:17:9-40
55            android:windowSoftInputMode="adjustResize" >
55-->src/main/AndroidManifest.xml:18:9-51
56            <intent-filter>
56-->src/main/AndroidManifest.xml:19:9-22:25
57                <action android:name="android.intent.action.MAIN" />
57-->src/main/AndroidManifest.xml:20:13-65
57-->src/main/AndroidManifest.xml:20:21-62
58
59                <category android:name="android.intent.category.LAUNCHER" />
59-->src/main/AndroidManifest.xml:21:13-73
59-->src/main/AndroidManifest.xml:21:23-70
60            </intent-filter>
61        </activity>
62        <activity android:name="com.facebook.react.devsupport.DevSettingsActivity" />
62-->src/main/AndroidManifest.xml:24:7-84
62-->src/main/AndroidManifest.xml:24:17-81
63        <activity
63-->[com.google.android.gms:play-services-appinvite:17.0.0] AndroidManifest.xml:25:9-34:20
64            android:name="com.google.android.gms.appinvite.PreviewActivity"
64-->[com.google.android.gms:play-services-appinvite:17.0.0] AndroidManifest.xml:26:13-76
65            android:exported="true"
65-->[com.google.android.gms:play-services-appinvite:17.0.0] AndroidManifest.xml:27:13-36
66            android:theme="@style/Theme.AppInvite.Preview" >
66-->[com.google.android.gms:play-services-appinvite:17.0.0] AndroidManifest.xml:28:13-59
67            <intent-filter>
67-->[com.google.android.gms:play-services-appinvite:17.0.0] AndroidManifest.xml:29:13-33:29
68                <action android:name="com.google.android.gms.appinvite.ACTION_PREVIEW" />
68-->[com.google.android.gms:play-services-appinvite:17.0.0] AndroidManifest.xml:30:17-90
68-->[com.google.android.gms:play-services-appinvite:17.0.0] AndroidManifest.xml:30:25-87
69
70                <category android:name="android.intent.category.DEFAULT" />
70-->[com.google.android.gms:play-services-appinvite:17.0.0] AndroidManifest.xml:32:17-76
70-->[com.google.android.gms:play-services-appinvite:17.0.0] AndroidManifest.xml:32:27-73
71            </intent-filter>
72        </activity>
73
74        <service
74-->[:react-native-firebase] AndroidManifest.xml:16:9-20:19
75            android:name="com.google.firebase.components.ComponentDiscoveryService"
75-->[:react-native-firebase] AndroidManifest.xml:16:18-89
76            android:exported="false" >
76-->[com.google.android.gms:play-services-measurement-api:16.5.0] AndroidManifest.xml:29:13-37
77            <meta-data
77-->[:react-native-firebase] AndroidManifest.xml:17:13-19:85
78                android:name="com.google.firebase.components:io.invertase.firebase.ReactNativeFirebaseAppRegistrar"
78-->[:react-native-firebase] AndroidManifest.xml:18:17-116
79                android:value="com.google.firebase.components.ComponentRegistrar" />
79-->[:react-native-firebase] AndroidManifest.xml:19:17-82
80            <meta-data
80-->[com.google.firebase:firebase-config:17.0.0] AndroidManifest.xml:9:13-11:85
81                android:name="com.google.firebase.components:com.google.firebase.remoteconfig.RemoteConfigRegistrar"
81-->[com.google.firebase:firebase-config:17.0.0] AndroidManifest.xml:10:17-117
82                android:value="com.google.firebase.components.ComponentRegistrar" />
82-->[com.google.firebase:firebase-config:17.0.0] AndroidManifest.xml:11:17-82
83            <meta-data
83-->[com.google.android.gms:play-services-measurement-api:16.5.0] AndroidManifest.xml:30:13-32:85
84                android:name="com.google.firebase.components:com.google.firebase.analytics.connector.internal.AnalyticsConnectorRegistrar"
84-->[com.google.android.gms:play-services-measurement-api:16.5.0] AndroidManifest.xml:31:17-139
85                android:value="com.google.firebase.components.ComponentRegistrar" />
85-->[com.google.android.gms:play-services-measurement-api:16.5.0] AndroidManifest.xml:32:17-82
86            <meta-data
86-->[com.google.firebase:firebase-iid:18.0.0] AndroidManifest.xml:32:13-34:85
87                android:name="com.google.firebase.components:com.google.firebase.iid.Registrar"
87-->[com.google.firebase:firebase-iid:18.0.0] AndroidManifest.xml:33:17-96
88                android:value="com.google.firebase.components.ComponentRegistrar" />
88-->[com.google.firebase:firebase-iid:18.0.0] AndroidManifest.xml:34:17-82
89            <meta-data
89-->[com.google.firebase:firebase-dynamic-links:17.0.0] AndroidManifest.xml:9:13-11:85
90                android:name="com.google.firebase.components:com.google.firebase.dynamiclinks.internal.FirebaseDynamicLinkRegistrar"
90-->[com.google.firebase:firebase-dynamic-links:17.0.0] AndroidManifest.xml:10:17-133
91                android:value="com.google.firebase.components.ComponentRegistrar" />
91-->[com.google.firebase:firebase-dynamic-links:17.0.0] AndroidManifest.xml:11:17-82
92            <meta-data
92-->[com.google.firebase:firebase-abt:17.1.1] AndroidManifest.xml:9:13-11:85
93                android:name="com.google.firebase.components:com.google.firebase.abt.component.AbtRegistrar"
93-->[com.google.firebase:firebase-abt:17.1.1] AndroidManifest.xml:10:17-109
94                android:value="com.google.firebase.components.ComponentRegistrar" />
94-->[com.google.firebase:firebase-abt:17.1.1] AndroidManifest.xml:11:17-82
95        </service>
96        <!--
97             FirebaseMessagingService performs security checks at runtime,
98             but set to not exported to explicitly avoid allowing another app to call it.
99        -->
100        <service
100-->[com.google.firebase:firebase-messaging:18.0.0] AndroidManifest.xml:28:9-34:19
101            android:name="com.google.firebase.messaging.FirebaseMessagingService"
101-->[com.google.firebase:firebase-messaging:18.0.0] AndroidManifest.xml:29:13-82
102            android:exported="false" >
102-->[com.google.firebase:firebase-messaging:18.0.0] AndroidManifest.xml:30:13-37
103            <intent-filter android:priority="-500" >
103-->[com.google.firebase:firebase-messaging:18.0.0] AndroidManifest.xml:31:13-33:29
103-->[com.google.firebase:firebase-messaging:18.0.0] AndroidManifest.xml:31:28-51
104                <action android:name="com.google.firebase.MESSAGING_EVENT" />
104-->[com.google.firebase:firebase-messaging:18.0.0] AndroidManifest.xml:32:17-78
104-->[com.google.firebase:firebase-messaging:18.0.0] AndroidManifest.xml:32:25-75
105            </intent-filter>
106        </service>
107
108        <receiver
108-->[com.google.firebase:firebase-iid:18.0.0] AndroidManifest.xml:37:9-44:20
109            android:name="com.google.firebase.iid.FirebaseInstanceIdReceiver"
109-->[com.google.firebase:firebase-iid:18.0.0] AndroidManifest.xml:38:13-78
110            android:exported="true"
110-->[com.google.firebase:firebase-iid:18.0.0] AndroidManifest.xml:39:13-36
111            android:permission="com.google.android.c2dm.permission.SEND" >
111-->[com.google.firebase:firebase-iid:18.0.0] AndroidManifest.xml:40:13-73
112            <intent-filter>
112-->[com.google.firebase:firebase-iid:18.0.0] AndroidManifest.xml:41:13-43:29
113                <action android:name="com.google.android.c2dm.intent.RECEIVE" />
113-->[com.google.firebase:firebase-iid:18.0.0] AndroidManifest.xml:42:17-81
113-->[com.google.firebase:firebase-iid:18.0.0] AndroidManifest.xml:42:25-78
114            </intent-filter>
115        </receiver>
116
117        <activity
117-->[com.google.android.gms:play-services-base:16.1.0] AndroidManifest.xml:23:9-26:75
118            android:name="com.google.android.gms.common.api.GoogleApiActivity"
118-->[com.google.android.gms:play-services-base:16.1.0] AndroidManifest.xml:24:13-79
119            android:exported="false"
119-->[com.google.android.gms:play-services-base:16.1.0] AndroidManifest.xml:25:13-37
120            android:theme="@android:style/Theme.Translucent.NoTitleBar" />
120-->[com.google.android.gms:play-services-base:16.1.0] AndroidManifest.xml:26:13-72
121
122        <provider
122-->[com.google.firebase:firebase-common:17.0.0] AndroidManifest.xml:12:9-16:39
123            android:name="com.google.firebase.provider.FirebaseInitProvider"
123-->[com.google.firebase:firebase-common:17.0.0] AndroidManifest.xml:13:13-77
124            android:authorities="com.navigate.firebaseinitprovider"
124-->[com.google.firebase:firebase-common:17.0.0] AndroidManifest.xml:14:13-72
125            android:exported="false"
125-->[com.google.firebase:firebase-common:17.0.0] AndroidManifest.xml:15:13-37
126            android:initOrder="100" />
126-->[com.google.firebase:firebase-common:17.0.0] AndroidManifest.xml:16:13-36
127
128        <receiver
128-->[com.google.android.gms:play-services-measurement:16.5.0] AndroidManifest.xml:29:9-33:20
129            android:name="com.google.android.gms.measurement.AppMeasurementReceiver"
129-->[com.google.android.gms:play-services-measurement:16.5.0] AndroidManifest.xml:30:13-85
130            android:enabled="true"
130-->[com.google.android.gms:play-services-measurement:16.5.0] AndroidManifest.xml:31:13-35
131            android:exported="false" >
131-->[com.google.android.gms:play-services-measurement:16.5.0] AndroidManifest.xml:32:13-37
132        </receiver>
133        <receiver
133-->[com.google.android.gms:play-services-measurement:16.5.0] AndroidManifest.xml:34:9-42:20
134            android:name="com.google.android.gms.measurement.AppMeasurementInstallReferrerReceiver"
134-->[com.google.android.gms:play-services-measurement:16.5.0] AndroidManifest.xml:35:13-100
135            android:enabled="true"
135-->[com.google.android.gms:play-services-measurement:16.5.0] AndroidManifest.xml:36:13-35
136            android:exported="true"
136-->[com.google.android.gms:play-services-measurement:16.5.0] AndroidManifest.xml:37:13-36
137            android:permission="android.permission.INSTALL_PACKAGES" >
137-->[com.google.android.gms:play-services-measurement:16.5.0] AndroidManifest.xml:38:13-69
138            <intent-filter>
138-->[com.google.android.gms:play-services-measurement:16.5.0] AndroidManifest.xml:39:13-41:29
139                <action android:name="com.android.vending.INSTALL_REFERRER" />
139-->[com.google.android.gms:play-services-measurement:16.5.0] AndroidManifest.xml:40:17-79
139-->[com.google.android.gms:play-services-measurement:16.5.0] AndroidManifest.xml:40:25-76
140            </intent-filter>
141        </receiver>
142
143        <service
143-->[com.google.android.gms:play-services-measurement:16.5.0] AndroidManifest.xml:44:9-47:40
144            android:name="com.google.android.gms.measurement.AppMeasurementService"
144-->[com.google.android.gms:play-services-measurement:16.5.0] AndroidManifest.xml:45:13-84
145            android:enabled="true"
145-->[com.google.android.gms:play-services-measurement:16.5.0] AndroidManifest.xml:46:13-35
146            android:exported="false" />
146-->[com.google.android.gms:play-services-measurement:16.5.0] AndroidManifest.xml:47:13-37
147        <service
147-->[com.google.android.gms:play-services-measurement:16.5.0] AndroidManifest.xml:48:9-52:72
148            android:name="com.google.android.gms.measurement.AppMeasurementJobService"
148-->[com.google.android.gms:play-services-measurement:16.5.0] AndroidManifest.xml:49:13-87
149            android:enabled="true"
149-->[com.google.android.gms:play-services-measurement:16.5.0] AndroidManifest.xml:50:13-35
150            android:exported="false"
150-->[com.google.android.gms:play-services-measurement:16.5.0] AndroidManifest.xml:51:13-37
151            android:permission="android.permission.BIND_JOB_SERVICE" />
151-->[com.google.android.gms:play-services-measurement:16.5.0] AndroidManifest.xml:52:13-69
152
153        <meta-data
153-->[com.google.android.gms:play-services-basement:16.2.0] AndroidManifest.xml:23:9-25:69
154            android:name="com.google.android.gms.version"
154-->[com.google.android.gms:play-services-basement:16.2.0] AndroidManifest.xml:24:13-58
155            android:value="@integer/google_play_services_version" />
155-->[com.google.android.gms:play-services-basement:16.2.0] AndroidManifest.xml:25:13-66
156    </application>
157
158</manifest>